<?xml version="1.0" encoding="UTF-8"?>
<!-- Generated by org.testng.reporters.JUnitXMLReporter -->
<testsuite ignored="0" hostname="DESKTOP-AI5RU29" failures="0" tests="11" name="Default test" time="6.999" errors="0" timestamp="2021-11-06T11:11:39 IST">
  <testcase classname="test.GetRequests.GetResuestTests" name="getAlbumInvalid" time="2.003"/>
  <testcase classname="test.GetRequests.GetResuestTests" name="getAlbumTen" time="1.078"/>
  <testcase classname="test.GetRequests.GetResuestTests" name="getAllPost" time="0.245"/>
  <testcase classname="test.GetRequests.GetResuestTests" name="getCommentsUnderFirstPost" time="0.203"/>
  <testcase classname="test.GetRequests.GetResuestTests" name="getFirstPost" time="0.161"/>
  <testcase classname="test.GetRequests.GetResuestTests" name="getFirstPostComment" time="0.169"/>
  <testcase classname="test.GetRequests.GetResuestTests" name="getFirstPostCommentInvalid" time="0.729"/>
  <testcase classname="test.GetRequests.GetResuestTests" name="getInvalidComment" time="0.714"/>
  <testcase classname="test.GetRequests.GetResuestTests" name="getInvalidPost" time="0.823"/>
  <testcase classname="test.GetRequests.GetResuestTests" name="getVeriFyEmailForFifthID" time="0.696"/>
  <testcase classname="test.GetRequests.GetResuestTests" name="getVeriFyIDHundrade" time="0.141"/>
</testsuite> <!-- Default test -->
